1661187813440	geckodriver	INFO	Listening on 127.0.0.1:31381
1661187976024	geckodriver	INFO	Listening on 127.0.0.1:31583
1661187979112	mozrunner::runner	INFO	Running command: "C:\\Program Files\\Mozilla Firefox\\firefox.exe" "--marionette" "--remote-debugging-port" "31584" "--remote-allow-hosts" "localhost" "-no-remote" "-profile" "C:\\Users\\user\\AppData\\Local\\Temp\\rust_mozprofileUSvMoK"
1661187980302	Marionette	INFO	Marionette enabled
1661187980315	Marionette	INFO	Listening on port 31599
WebDriver BiDi listening on ws://localhost:31584
Read port: 31599
1661187980647	RemoteAgent	WARN	TLS certificate errors will be ignored for this session
console.warn: SearchSettings: "get: No settings file exists, new profile?" (new NotFoundError("Could not open the file at C:\\Users\\user\\AppData\\Local\\Temp\\rust_mozprofileUSvMoK\\search.json.mozlz4", (void 0)))
DevTools listening on ws://localhost:31584/devtools/browser/af523352-0413-475f-8736-9aaa9d6ce642
JavaScript warning: https://as.dns-shop.ru/static/08/3r1c9u/register-user-action.js, line 1: WEBGL_debug_renderer_info is deprecated in Firefox and will be removed. Please use RENDERER.
JavaScript warning: https://as.dns-shop.ru/static/08/3r1c9u/register-user-action.js, line 1: WEBGL_debug_renderer_info is deprecated in Firefox and will be removed. Please use RENDERER.
JavaScript error: https://as.dns-shop.ru/static/08/63151m/full/user-menu.js, line 1: Error: Request failed with status code 404
JavaScript warning: https://as.dns-shop.ru/static/08/3r1c9u/register-user-action.js, line 1: WEBGL_debug_renderer_info is deprecated in Firefox and will be removed. Please use RENDERER.
JavaScript warning: https://as.dns-shop.ru/static/08/3r1c9u/register-user-action.js, line 1: WEBGL_debug_renderer_info is deprecated in Firefox and will be removed. Please use RENDERER.
1661188134122	geckodriver	INFO	Listening on 127.0.0.1:31828
1661188137173	mozrunner::runner	INFO	Running command: "C:\\Program Files\\Mozilla Firefox\\firefox.exe" "--marionette" "--remote-debugging-port" "31829" "--remote-allow-hosts" "localhost" "-no-remote" "-profile" "C:\\Users\\user\\AppData\\Local\\Temp\\rust_mozprofile2yGGbx"
1661188138356	Marionette	INFO	Marionette enabled
1661188138365	Marionette	INFO	Listening on port 31840
Read port: 31840
WebDriver BiDi listening on ws://localhost:31829
1661188138626	RemoteAgent	WARN	TLS certificate errors will be ignored for this session
console.warn: SearchSettings: "get: No settings file exists, new profile?" (new NotFoundError("Could not open the file at C:\\Users\\user\\AppData\\Local\\Temp\\rust_mozprofile2yGGbx\\search.json.mozlz4", (void 0)))
DevTools listening on ws://localhost:31829/devtools/browser/449f4d0b-55f9-4cc2-ae98-49b2db5d6ad2
JavaScript warning: https://as.dns-shop.ru/static/08/3r1c9u/register-user-action.js, line 1: WEBGL_debug_renderer_info is deprecated in Firefox and will be removed. Please use RENDERER.
JavaScript warning: https://as.dns-shop.ru/static/08/3r1c9u/register-user-action.js, line 1: WEBGL_debug_renderer_info is deprecated in Firefox and will be removed. Please use RENDERER.
JavaScript warning: https://as.dns-shop.ru/static/08/3r1c9u/register-user-action.js, line 1: WEBGL_debug_renderer_info is deprecated in Firefox and will be removed. Please use RENDERER.
JavaScript warning: https://as.dns-shop.ru/static/08/3r1c9u/register-user-action.js, line 1: WEBGL_debug_renderer_info is deprecated in Firefox and will be removed. Please use RENDERER.
1661188301075	geckodriver	INFO	Listening on 127.0.0.1:32050
1661188304131	mozrunner::runner	INFO	Running command: "C:\\Program Files\\Mozilla Firefox\\firefox.exe" "--marionette" "--remote-debugging-port" "32051" "--remote-allow-hosts" "localhost" "-no-remote" "-profile" "C:\\Users\\user\\AppData\\Local\\Temp\\rust_mozprofileKsJxFK"
1661188304812	Marionette	INFO	Marionette enabled
1661188304821	Marionette	INFO	Listening on port 32065
WebDriver BiDi listening on ws://localhost:32051
Read port: 32065
1661188305040	RemoteAgent	WARN	TLS certificate errors will be ignored for this session
console.warn: SearchSettings: "get: No settings file exists, new profile?" (new NotFoundError("Could not open the file at C:\\Users\\user\\AppData\\Local\\Temp\\rust_mozprofileKsJxFK\\search.json.mozlz4", (void 0)))
DevTools listening on ws://localhost:32051/devtools/browser/1dd829d7-0ca8-4dba-b6ec-c3a3189860a6
JavaScript warning: https://as.dns-shop.ru/static/08/3r1c9u/register-user-action.js, line 1: WEBGL_debug_renderer_info is deprecated in Firefox and will be removed. Please use RENDERER.
JavaScript warning: https://as.dns-shop.ru/static/08/3r1c9u/register-user-action.js, line 1: WEBGL_debug_renderer_info is deprecated in Firefox and will be removed. Please use RENDERER.
1661188363191	geckodriver	INFO	Listening on 127.0.0.1:32194
1661188366248	mozrunner::runner	INFO	Running command: "C:\\Program Files\\Mozilla Firefox\\firefox.exe" "--marionette" "--remote-debugging-port" "32195" "--remote-allow-hosts" "localhost" "-no-remote" "-profile" "C:\\Users\\user\\AppData\\Local\\Temp\\rust_mozprofilexiGHEd"
1661188366946	Marionette	INFO	Marionette enabled
1661188366956	Marionette	INFO	Listening on port 32209
WebDriver BiDi listening on ws://localhost:32195
Read port: 32209
1661188367196	RemoteAgent	WARN	TLS certificate errors will be ignored for this session
console.warn: SearchSettings: "get: No settings file exists, new profile?" (new NotFoundError("Could not open the file at C:\\Users\\user\\AppData\\Local\\Temp\\rust_mozprofilexiGHEd\\search.json.mozlz4", (void 0)))
DevTools listening on ws://localhost:32195/devtools/browser/f6fc7381-296f-4372-a415-dc7651ffaba4
JavaScript warning: https://as.dns-shop.ru/static/08/3r1c9u/register-user-action.js, line 1: WEBGL_debug_renderer_info is deprecated in Firefox and will be removed. Please use RENDERER.
JavaScript warning: https://as.dns-shop.ru/static/08/3r1c9u/register-user-action.js, line 1: WEBGL_debug_renderer_info is deprecated in Firefox and will be removed. Please use RENDERER.
1661188411827	Marionette	WARN	TimedPromise timed out after 500 ms: stacktrace:
TimedPromise/<@chrome://remote/content/marionette/sync.js:237:24
TimedPromise@chrome://remote/content/marionette/sync.js:222:10
interaction.flushEventLoop@chrome://remote/content/marionette/interaction.js:431:10
webdriverClickElement@chrome://remote/content/marionette/interaction.js:179:31
JavaScript warning: https://as.dns-shop.ru/static/08/3r1c9u/register-user-action.js, line 1: WEBGL_debug_renderer_info is deprecated in Firefox and will be removed. Please use RENDERER.
JavaScript warning: https://as.dns-shop.ru/static/08/3r1c9u/register-user-action.js, line 1: WEBGL_debug_renderer_info is deprecated in Firefox and will be removed. Please use RENDERER.
JavaScript warning: https://api-maps.yandex.ru/2.1/?lang=ru-RU&apikey=f0240eef-3d8b-4095-ba33-b997c83932ed&onload=yandexMapLoad, line 1: WEBGL_debug_renderer_info is deprecated in Firefox and will be removed. Please use RENDERER.
1661188511095	geckodriver	INFO	Listening on 127.0.0.1:32431
1661188514133	mozrunner::runner	INFO	Running command: "C:\\Program Files\\Mozilla Firefox\\firefox.exe" "--marionette" "--remote-debugging-port" "32432" "--remote-allow-hosts" "localhost" "-no-remote" "-profile" "C:\\Users\\user\\AppData\\Local\\Temp\\rust_mozprofileduPbYU"
1661188514802	Marionette	INFO	Marionette enabled
1661188514812	Marionette	INFO	Listening on port 32443
WebDriver BiDi listening on ws://localhost:32432
Read port: 32443
1661188515031	RemoteAgent	WARN	TLS certificate errors will be ignored for this session
console.warn: SearchSettings: "get: No settings file exists, new profile?" (new NotFoundError("Could not open the file at C:\\Users\\user\\AppData\\Local\\Temp\\rust_mozprofileduPbYU\\search.json.mozlz4", (void 0)))
DevTools listening on ws://localhost:32432/devtools/browser/2195618c-df45-43c3-8db7-c7a71fae8255
JavaScript warning: https://as.dns-shop.ru/static/08/3r1c9u/register-user-action.js, line 1: WEBGL_debug_renderer_info is deprecated in Firefox and will be removed. Please use RENDERER.
JavaScript warning: https://as.dns-shop.ru/static/08/3r1c9u/register-user-action.js, line 1: WEBGL_debug_renderer_info is deprecated in Firefox and will be removed. Please use RENDERER.
JavaScript error: , line 0: SyntaxError: JSON.parse: unexpected character at line 1 column 1 of the JSON data
1661188584433	Marionette	WARN	TimedPromise timed out after 500 ms: stacktrace:
TimedPromise/<@chrome://remote/content/marionette/sync.js:237:24
TimedPromise@chrome://remote/content/marionette/sync.js:222:10
interaction.flushEventLoop@chrome://remote/content/marionette/interaction.js:431:10
webdriverClickElement@chrome://remote/content/marionette/interaction.js:179:31
JavaScript warning: https://as.dns-shop.ru/static/08/3r1c9u/register-user-action.js, line 1: WEBGL_debug_renderer_info is deprecated in Firefox and will be removed. Please use RENDERER.
JavaScript warning: https://as.dns-shop.ru/static/08/3r1c9u/register-user-action.js, line 1: WEBGL_debug_renderer_info is deprecated in Firefox and will be removed. Please use RENDERER.
1661188884478	Marionette	WARN	TimedPromise timed out after 500 ms: stacktrace:
TimedPromise/<@chrome://remote/content/marionette/sync.js:237:24
TimedPromise@chrome://remote/content/marionette/sync.js:222:10
interaction.flushEventLoop@chrome://remote/content/marionette/interaction.js:431:10
webdriverClickElement@chrome://remote/content/marionette/interaction.js:179:31
JavaScript warning: https://api-maps.yandex.ru/2.1/?lang=ru-RU&apikey=f0240eef-3d8b-4095-ba33-b997c83932ed&onload=yandexMapLoad, line 1: WEBGL_debug_renderer_info is deprecated in Firefox and will be removed. Please use RENDERER.
JavaScript warning: https://as.dns-shop.ru/static/08/3r1c9u/register-user-action.js, line 1: WEBGL_debug_renderer_info is deprecated in Firefox and will be removed. Please use RENDERER.
JavaScript warning: https://as.dns-shop.ru/static/08/3r1c9u/register-user-action.js, line 1: WEBGL_debug_renderer_info is deprecated in Firefox and will be removed. Please use RENDERER.
JavaScript warning: https://as.dns-shop.ru/static/08/3r1c9u/register-user-action.js, line 1: WEBGL_debug_renderer_info is deprecated in Firefox and will be removed. Please use RENDERER.
JavaScript warning: https://as.dns-shop.ru/static/08/3r1c9u/register-user-action.js, line 1: WEBGL_debug_renderer_info is deprecated in Firefox and will be removed. Please use RENDERER.
JavaScript error: https://as.dns-shop.ru/static/08/63151m/full/user-menu.js, line 1: Error: Request failed with status code 404
1661189080691	Marionette	WARN	TimedPromise timed out after 500 ms: stacktrace:
TimedPromise/<@chrome://remote/content/marionette/sync.js:237:24
TimedPromise@chrome://remote/content/marionette/sync.js:222:10
interaction.flushEventLoop@chrome://remote/content/marionette/interaction.js:431:10
webdriverClickElement@chrome://remote/content/marionette/interaction.js:179:31
1661189086920	Marionette	WARN	TimedPromise timed out after 500 ms: stacktrace:
TimedPromise/<@chrome://remote/content/marionette/sync.js:237:24
TimedPromise@chrome://remote/content/marionette/sync.js:222:10
interaction.flushEventLoop@chrome://remote/content/marionette/interaction.js:431:10
webdriverClickElement@chrome://remote/content/marionette/interaction.js:179:31
JavaScript warning: https://as.dns-shop.ru/static/08/3r1c9u/register-user-action.js, line 1: WEBGL_debug_renderer_info is deprecated in Firefox and will be removed. Please use RENDERER.
JavaScript warning: https://as.dns-shop.ru/static/08/3r1c9u/register-user-action.js, line 1: WEBGL_debug_renderer_info is deprecated in Firefox and will be removed. Please use RENDERER.
1661189163683	Marionette	WARN	TimedPromise timed out after 500 ms: stacktrace:
TimedPromise/<@chrome://remote/content/marionette/sync.js:237:24
TimedPromise@chrome://remote/content/marionette/sync.js:222:10
interaction.flushEventLoop@chrome://remote/content/marionette/interaction.js:431:10
webdriverClickElement@chrome://remote/content/marionette/interaction.js:179:31
JavaScript warning: https://api-maps.yandex.ru/2.1/?lang=ru-RU&apikey=f0240eef-3d8b-4095-ba33-b997c83932ed&onload=yandexMapLoad, line 1: WEBGL_debug_renderer_info is deprecated in Firefox and will be removed. Please use RENDERER.
JavaScript warning: https://as.dns-shop.ru/static/08/3r1c9u/register-user-action.js, line 1: WEBGL_debug_renderer_info is deprecated in Firefox and will be removed. Please use RENDERER.
JavaScript warning: https://as.dns-shop.ru/static/08/3r1c9u/register-user-action.js, line 1: WEBGL_debug_renderer_info is deprecated in Firefox and will be removed. Please use RENDERER.
1661190860663	Marionette	WARN	TimedPromise timed out after 500 ms: stacktrace:
TimedPromise/<@chrome://remote/content/marionette/sync.js:237:24
TimedPromise@chrome://remote/content/marionette/sync.js:222:10
interaction.flushEventLoop@chrome://remote/content/marionette/interaction.js:431:10
webdriverClickElement@chrome://remote/content/marionette/interaction.js:179:31
1661190881901	Marionette	WARN	TimedPromise timed out after 500 ms: stacktrace:
TimedPromise/<@chrome://remote/content/marionette/sync.js:237:24
TimedPromise@chrome://remote/content/marionette/sync.js:222:10
interaction.flushEventLoop@chrome://remote/content/marionette/interaction.js:431:10
webdriverClickElement@chrome://remote/content/marionette/interaction.js:179:31
1661190892609	Marionette	WARN	TimedPromise timed out after 500 ms: stacktrace:
TimedPromise/<@chrome://remote/content/marionette/sync.js:237:24
TimedPromise@chrome://remote/content/marionette/sync.js:222:10
interaction.flushEventLoop@chrome://remote/content/marionette/interaction.js:431:10
webdriverClickElement@chrome://remote/content/marionette/interaction.js:179:31
JavaScript error: , line 0: SyntaxError: JSON.parse: unexpected character at line 1 column 1 of the JSON data
JavaScript warning: https://as.dns-shop.ru/static/08/3r1c9u/register-user-action.js, line 1: WEBGL_debug_renderer_info is deprecated in Firefox and will be removed. Please use RENDERER.
JavaScript warning: https://as.dns-shop.ru/static/08/3r1c9u/register-user-action.js, line 1: WEBGL_debug_renderer_info is deprecated in Firefox and will be removed. Please use RENDERER.
1661190918308	Marionette	WARN	TimedPromise timed out after 500 ms: stacktrace:
TimedPromise/<@chrome://remote/content/marionette/sync.js:237:24
TimedPromise@chrome://remote/content/marionette/sync.js:222:10
interaction.flushEventLoop@chrome://remote/content/marionette/interaction.js:431:10
webdriverClickElement@chrome://remote/content/marionette/interaction.js:179:31
1661190933037	Marionette	WARN	TimedPromise timed out after 500 ms: stacktrace:
TimedPromise/<@chrome://remote/content/marionette/sync.js:237:24
TimedPromise@chrome://remote/content/marionette/sync.js:222:10
interaction.flushEventLoop@chrome://remote/content/marionette/interaction.js:431:10
webdriverClickElement@chrome://remote/content/marionette/interaction.js:179:31
1661190940601	Marionette	WARN	TimedPromise timed out after 500 ms: stacktrace:
TimedPromise/<@chrome://remote/content/marionette/sync.js:237:24
TimedPromise@chrome://remote/content/marionette/sync.js:222:10
interaction.flushEventLoop@chrome://remote/content/marionette/interaction.js:431:10
webdriverClickElement@chrome://remote/content/marionette/interaction.js:179:31
1661190943476	Marionette	WARN	TimedPromise timed out after 500 ms: stacktrace:
TimedPromise/<@chrome://remote/content/marionette/sync.js:237:24
TimedPromise@chrome://remote/content/marionette/sync.js:222:10
interaction.flushEventLoop@chrome://remote/content/marionette/interaction.js:431:10
webdriverClickElement@chrome://remote/content/marionette/interaction.js:179:31
1661190946436	Marionette	WARN	TimedPromise timed out after 500 ms: stacktrace:
TimedPromise/<@chrome://remote/content/marionette/sync.js:237:24
TimedPromise@chrome://remote/content/marionette/sync.js:222:10
interaction.flushEventLoop@chrome://remote/content/marionette/interaction.js:431:10
webdriverClickElement@chrome://remote/content/marionette/interaction.js:179:31
JavaScript error: https://as.dns-shop.ru/static/08/63151m/full/user-menu.js, line 1: Error: Request failed with status code 404
JavaScript warning: https://as.dns-shop.ru/static/08/3r1c9u/register-user-action.js, line 1: WEBGL_debug_renderer_info is deprecated in Firefox and will be removed. Please use RENDERER.
JavaScript warning: https://as.dns-shop.ru/static/08/3r1c9u/register-user-action.js, line 1: WEBGL_debug_renderer_info is deprecated in Firefox and will be removed. Please use RENDERER.
1661191187278	geckodriver	INFO	Listening on 127.0.0.1:34547
1661191190347	mozrunner::runner	INFO	Running command: "C:\\Program Files\\Mozilla Firefox\\firefox.exe" "--marionette" "--remote-debugging-port" "34548" "--remote-allow-hosts" "localhost" "-no-remote" "-profile" "C:\\Users\\user\\AppData\\Local\\Temp\\rust_mozprofileCwdZcW"
1661191191066	Marionette	INFO	Marionette enabled
1661191191075	Marionette	INFO	Listening on port 34559
WebDriver BiDi listening on ws://localhost:34548
Read port: 34559
1661191191308	RemoteAgent	WARN	TLS certificate errors will be ignored for this session
console.warn: SearchSettings: "get: No settings file exists, new profile?" (new NotFoundError("Could not open the file at C:\\Users\\user\\AppData\\Local\\Temp\\rust_mozprofileCwdZcW\\search.json.mozlz4", (void 0)))
DevTools listening on ws://localhost:34548/devtools/browser/a1f26d42-4c0c-487b-9494-f0d3b769ecf3
JavaScript warning: https://as.dns-shop.ru/static/08/3r1c9u/register-user-action.js, line 1: WEBGL_debug_renderer_info is deprecated in Firefox and will be removed. Please use RENDERER.
JavaScript warning: https://as.dns-shop.ru/static/08/3r1c9u/register-user-action.js, line 1: WEBGL_debug_renderer_info is deprecated in Firefox and will be removed. Please use RENDERER.
JavaScript error: https://as.dns-shop.ru/static/08/63151m/full/user-menu.js, line 1: Error: Request failed with status code 404
JavaScript warning: https://as.dns-shop.ru/static/08/3r1c9u/register-user-action.js, line 1: WEBGL_debug_renderer_info is deprecated in Firefox and will be removed. Please use RENDERER.
JavaScript warning: https://as.dns-shop.ru/static/08/3r1c9u/register-user-action.js, line 1: WEBGL_debug_renderer_info is deprecated in Firefox and will be removed. Please use RENDERER.
JavaScript warning: https://as.dns-shop.ru/static/08/3r1c9u/register-user-action.js, line 1: WEBGL_debug_renderer_info is deprecated in Firefox and will be removed. Please use RENDERER.
JavaScript warning: https://as.dns-shop.ru/static/08/3r1c9u/register-user-action.js, line 1: WEBGL_debug_renderer_info is deprecated in Firefox and will be removed. Please use RENDERER.
